<?xml version="1.0" encoding="UTF-8"?>
<!-- Generated by org.testng.reporters.JUnitReportReporter -->
<testsuite hostname="prasad-PC" failures="0" tests="6" name="TestClass.Kite_App_Test2" time="7.215" errors="0" timestamp="2021-12-15T11:44:15 IST" skipped="4">
  <testcase classname="TestClass.Kite_App_Test2" name="validatePasswordErrorMsg" time="3.600"/>
  <system-out>
    <![CDATA[Error Msg occure if user enter only correct UserID]]>
  </system-out>
  <testcase classname="TestClass.Kite_App_Test2" name="validatePasswordErrorMsg" time="3.615"/>
  <system-out>
    <![CDATA[Error Msg occure if user enter only correct UserID]]>
  </system-out>
  <testcase classname="TestClass.Kite_App_Test2" name="ValidateUserID">
    <skipped/>
  </testcase> <!-- ValidateUserID -->
  <system-out/>
  <testcase classname="TestClass.Kite_App_Test2" name="ValidateUserID">
    <skipped/>
  </testcase> <!-- ValidateUserID -->
  <system-out/>
  <testcase classname="TestClass.Kite_App_Test2" name="validateErrorMsg">
    <skipped/>
  </testcase> <!-- validateErrorMsg -->
  <system-out/>
  <testcase classname="TestClass.Kite_App_Test2" name="validateErrorMsg">
    <skipped/>
  </testcase> <!-- validateErrorMsg -->
  <system-out/>
</testsuite> <!-- TestClass.Kite_App_Test2 -->
