<?xml version="1.0" encoding="UTF-8"?>
<!-- Generated by org.testng.reporters.JUnitReportReporter -->
<testsuite hostname="prasad-PC" failures="0" tests="4" name="TestClass.Kite_App_Test1" time="36.342" errors="0" timestamp="2021-12-15T11:44:15 IST" skipped="2">
  <testcase classname="TestClass.Kite_App_Test1" name="ValidateUserID" time="18.117"/>
  <system-out>
    <![CDATA[Validating UserID
Taking screenshot]]>
  </system-out>
  <testcase classname="TestClass.Kite_App_Test1" name="ValidateUserID" time="18.225"/>
  <system-out>
    <![CDATA[Validating UserID
Taking screenshot]]>
  </system-out>
  <testcase classname="TestClass.Kite_App_Test1" name="validateUserIDErrorMsg">
    <skipped/>
  </testcase> <!-- validateUserIDErrorMsg -->
  <system-out/>
  <testcase classname="TestClass.Kite_App_Test1" name="validateUserIDErrorMsg">
    <skipped/>
  </testcase> <!-- validateUserIDErrorMsg -->
  <system-out/>
</testsuite> <!-- TestClass.Kite_App_Test1 -->
