<?xml version="1.0" encoding="UTF-8"?>
<!-- Generated by org.testng.reporters.JUnitReportReporter -->
<testsuite hostname="prasad-PC" failures="0" tests="8" name="TestClass.Kite_App_Test3" time="13.278" errors="0" timestamp="2021-12-15T11:44:15 IST" skipped="6">
  <testcase classname="TestClass.Kite_App_Test3" name="validateUserNameMsg" time="6.564"/>
  <system-out>
    <![CDATA[Error Msg occure if User enter correct userId  and  wrong Password]]>
  </system-out>
  <testcase classname="TestClass.Kite_App_Test3" name="validateUserNameMsg" time="6.714"/>
  <system-out>
    <![CDATA[Error Msg occure if User enter correct userId  and  wrong Password]]>
  </system-out>
  <testcase classname="TestClass.Kite_App_Test3" name="validatePasswordErrorMsg">
    <skipped/>
  </testcase> <!-- validatePasswordErrorMsg -->
  <system-out/>
  <testcase classname="TestClass.Kite_App_Test3" name="ValidateUserID">
    <skipped/>
  </testcase> <!-- ValidateUserID -->
  <system-out/>
  <testcase classname="TestClass.Kite_App_Test3" name="validatePasswordErrorMsg">
    <skipped/>
  </testcase> <!-- validatePasswordErrorMsg -->
  <system-out/>
  <testcase classname="TestClass.Kite_App_Test3" name="ValidateUserID">
    <skipped/>
  </testcase> <!-- ValidateUserID -->
  <system-out/>
  <testcase classname="TestClass.Kite_App_Test3" name="validateErrorMsg">
    <skipped/>
  </testcase> <!-- validateErrorMsg -->
  <system-out/>
  <testcase classname="TestClass.Kite_App_Test3" name="validateErrorMsg">
    <skipped/>
  </testcase> <!-- validateErrorMsg -->
  <system-out/>
</testsuite> <!-- TestClass.Kite_App_Test3 -->
